<?xml version="1.0" encoding="UTF-8"?>
<testsuite name="org.opencloudb.cache.DefaultLayedCachePoolTest" tests="1" skipped="0" failures="0" errors="0" timestamp="2017-02-18T10:02:14" hostname="DESKTOP-T7UG6RU" time="2.345">
  <properties/>
  <testcase name="testBasic" classname="org.opencloudb.cache.DefaultLayedCachePoolTest" time="2.345"/>
  <system-out><![CDATA[18:02:14.460   INFO [Test worker] (DefaultLayedCachePool.java:80) -create child Cache: default for layered cache defaultLayedPool, size 1000, expire seconds 1
18:02:14.800   INFO [Test worker] (DefaultLayedCachePool.java:80) -create child Cache: company for layered cache defaultLayedPool, size 1000, expire seconds 1
18:02:14.801   INFO [Test worker] (DefaultLayedCachePool.java:80) -create child Cache: goods for layered cache defaultLayedPool, size 1000, expire seconds 1
]]></system-out>
  <system-err><![CDATA[]]></system-err>
</testsuite>
