<?xml version="1.0" encoding="UTF-8"?>
<testsuite name="org.opencloudb.parser.util.PairUtilTest" tests="1" skipped="0" failures="0" errors="0" timestamp="2017-02-18T09:35:04" hostname="DESKTOP-T7UG6RU" time="0.002">
  <properties/>
  <testcase name="testSequenceSlicing" classname="org.opencloudb.parser.util.PairUtilTest" time="0.002"/>
  <system-out><![CDATA[]]></system-out>
  <system-err><![CDATA[]]></system-err>
</testsuite>
