<?xml version="1.0" encoding="UTF-8"?>
<testsuite name="org.opencloudb.route.DruidSqlServerSqlParserTest" tests="3" skipped="0" failures="0" errors="0" timestamp="2017-02-20T02:40:30" hostname="DESKTOP-T7UG6RU" time="0.029">
  <properties/>
  <testcase name="testLimitToSqlServerPage" classname="org.opencloudb.route.DruidSqlServerSqlParserTest" time="0.012"/>
  <testcase name="testSqlServerPageSQL" classname="org.opencloudb.route.DruidSqlServerSqlParserTest" time="0.002"/>
  <testcase name="testTopPageSQL" classname="org.opencloudb.route.DruidSqlServerSqlParserTest" time="0.0"/>
  <system-out><![CDATA[]]></system-out>
  <system-err><![CDATA[]]></system-err>
</testsuite>
