<?xml version="1.0" encoding="UTF-8"?>
<testsuite name="org.opencloudb.route.DruidPostgresqlSqlParserTest" tests="2" skipped="0" failures="0" errors="0" timestamp="2017-02-18T10:07:36" hostname="DESKTOP-T7UG6RU" time="0.02">
  <properties/>
  <testcase name="testLimitToPgPage" classname="org.opencloudb.route.DruidPostgresqlSqlParserTest" time="0.013"/>
  <testcase name="testPGPageSQL" classname="org.opencloudb.route.DruidPostgresqlSqlParserTest" time="0.001"/>
  <system-out><![CDATA[]]></system-out>
  <system-err><![CDATA[]]></system-err>
</testsuite>
