<?xml version="1.0" encoding="UTF-8"?>
<testsuite name="org.opencloudb.config.ZkConfigTest" tests="1" skipped="1" failures="0" errors="0" timestamp="2017-02-16T07:06:12" hostname="DESKTOP-T7UG6RU" time="0.0">
  <properties/>
  <testcase name="testInstance" classname="org.opencloudb.config.ZkConfigTest" time="0.0">
    <skipped/>
  </testcase>
  <system-out><![CDATA[15:06:04.629   INFO [Thread-7] (ZooKeeperServerMain.java:95) -Starting server
15:06:04.643   INFO [Thread-7] (Environment.java:100) -Server environment:zookeeper.version=3.4.6-1569965, built on 02/20/2014 09:09 GMT
15:06:04.643   INFO [Thread-7] (Environment.java:100) -Server environment:host.name=DESKTOP-T7UG6RU
15:06:04.643   INFO [Thread-7] (Environment.java:100) -Server environment:java.version=1.7.0_71
15:06:04.643   INFO [Thread-7] (Environment.java:100) -Server environment:java.vendor=Oracle Corporation
15:06:04.643   INFO [Thread-7] (Environment.java:100) -Server environment:java.home=C:\Program Files (x86)\Java\jdk1.7.0_71\jre
15:06:04.643   INFO [Thread-7] (Environment.java:100) -Server environment:java.class.path=C:\Users\hqq\git\Mycat-Server\build\classes\test;C:\Users\hqq\git\Mycat-Server\build\resources\test;C:\Users\hqq\git\Mycat-Server\build\classes\main;C:\Users\hqq\git\Mycat-Server\build\resources\main;C:\Users\hqq\.gradle\caches\modules-2\files-2.1\org.mongodb\mongo-java-driver\2.11.4\b989c66514af8473bf8cf7368bbb7552da5879e3\mongo-java-driver-2.11.4.jar;C:\Users\hqq\.gradle\caches\modules-2\files-2.1\org.iq80.leveldb\leveldb\0.7\77df3093388129dea3b2b8758ddd3c7bf36bc22c\leveldb-0.7.jar;C:\Users\hqq\.gradle\caches\modules-2\files-2.1\org.iq80.leveldb\leveldb-api\0.7\e620acc87a8162f668a5ea62cbe0561560c50044\leveldb-api-0.7.jar;C:\Users\hqq\.gradle\caches\modules-2\files-2.1\com.google.guava\guava\18.0\cce0823396aa693798f8882e64213b1772032b09\guava-18.0.jar;C:\Users\hqq\.gradle\caches\modules-2\files-2.1\com.alibaba\druid\1.0.14\eac0dbaa3decfa69fdf2c2632bcc8a420e798265\druid-1.0.14.jar;C:\Users\hqq\.gradle\caches\modules-2\files-2.1\log4j\log4j\1.2.17\5af35056b4d257e4b64b9e8069c0746e8b08629f\log4j-1.2.17.jar;C:\Users\hqq\.gradle\caches\modules-2\files-2.1\net.sf.ehcache\ehcache-core\2.6.11\fae7f84a5ffabe1b814e40190650c0ad5aeda5b1\ehcache-core-2.6.11.jar;C:\Users\hqq\.gradle\caches\modules-2\files-2.1\org.mapdb\mapdb\1.0.7\a4d6cad9402e671b0a547275dee40294eba8a5c5\mapdb-1.0.7.jar;C:\Users\hqq\.gradle\caches\modules-2\files-2.1\org.slf4j\slf4j-api\1.7.12\8e20852d05222dc286bf1c71d78d0531e177c317\slf4j-api-1.7.12.jar;C:\Users\hqq\.gradle\caches\modules-2\files-2.1\org.slf4j\slf4j-log4j12\1.7.12\485f77901840cf4e8bf852f2abb9b723eb8ec29\slf4j-log4j12-1.7.12.jar;C:\Users\hqq\.gradle\caches\modules-2\files-2.1\com.univocity\univocity-parsers\1.5.4\60fa8bc525b2afe220934958cb77190b90a0c2d2\univocity-parsers-1.5.4.jar;C:\Users\hqq\.gradle\caches\modules-2\files-2.1\com.sequoiadb\sequoiadb-driver\1.12\ede63e70ba12572c76035ec84c6102cf83bc8112\sequoiadb-driver-1.12.jar;C:\Users\hqq\.gradle\caches\modules-2\files-2.1\dom4j\dom4j\1.6.1\5d3ccc056b6f056dbf0dddfdf43894b9065a8f94\dom4j-1.6.1.jar;C:\Users\hqq\.gradle\caches\modules-2\files-2.1\org.apache.curator\curator-framework\2.9.0\91c51405640e3140f939d2790bee4b4ede98f3f\curator-framework-2.9.0.jar;C:\Users\hqq\.gradle\caches\modules-2\files-2.1\org.yaml\snakeyaml\1.16\d64fb662c9e42789149f5078a62a22edda786c6a\snakeyaml-1.16.jar;C:\Users\hqq\.gradle\caches\modules-2\files-2.1\com.alibaba\fastjson\1.2.7\a5c721e8ea1e18854272879d6ed2770d25feb342\fastjson-1.2.7.jar;C:\Users\hqq\.gradle\caches\modules-2\files-2.1\org.json\json\20151123\1675d5c1142000dedd6627a73af26a8b885ef0e1\json-20151123.jar;C:\Users\hqq\.gradle\caches\modules-2\files-2.1\mysql\mysql-connector-java\5.1.35\b6ac941b7288376a7e8bc6490264bbd4427fb94e\mysql-connector-java-5.1.35.jar;C:\Users\hqq\.gradle\caches\modules-2\files-2.1\org.codehaus.jsr166-mirror\jsr166y\1.7.0\8547fcb1c29b4f8c745c3f49a536aca58fc30f54\jsr166y-1.7.0.jar;C:\Users\hqq\.gradle\caches\modules-2\files-2.1\org.apache.curator\curator-test\2.9.0\cf64c207c638458c331f63c7d15b6aab8c2e9417\curator-test-2.9.0.jar;C:\Users\hqq\.gradle\caches\modules-2\files-2.1\org.mockito\mockito-all\1.8.5\a927d8ae3b8d22eb745a74f94e59ce3882f2b524\mockito-all-1.8.5.jar;C:\Users\hqq\.gradle\caches\modules-2\files-2.1\xml-apis\xml-apis\1.0.b2\3136ca936f64c9d68529f048c2618bd356bf85c9\xml-apis-1.0.b2.jar;C:\Users\hqq\.gradle\caches\modules-2\files-2.1\org.apache.curator\curator-client\2.9.0\19cff4c80bd44bc9ac1dbda5a2a12ee0bf89580f\curator-client-2.9.0.jar;C:\Users\hqq\.gradle\caches\modules-2\files-2.1\org.apache.zookeeper\zookeeper\3.4.6\1b2502e29da1ebaade2357cd1de35a855fa3755\zookeeper-3.4.6.jar;C:\Users\hqq\.gradle\caches\modules-2\files-2.1\org.javassist\javassist\3.18.1-GA\d9a09f7732226af26bf99f19e2cffe0ae219db5b\javassist-3.18.1-GA.jar;C:\Users\hqq\.gradle\caches\modules-2\files-2.1\org.apache.commons\commons-math\2.2\4877b85d388275f994a5cfc7eceb73a8045d3006\commons-math-2.2.jar;C:\Users\hqq\.gradle\caches\modules-2\files-2.1\jline\jline\0.9.94\99a18e9a44834afdebc467294e1138364c207402\jline-0.9.94.jar;C:\Users\hqq\.gradle\caches\modules-2\files-2.1\io.netty\netty\3.7.0.Final\7a8c35599c68c0bf383df74469aa3e03d9aca87\netty-3.7.0.Final.jar;C:\Users\hqq\.gradle\caches\modules-2\files-2.1\junit\junit\4.10\e4f1766ce7404a08f45d859fb9c226fc9e41a861\junit-4.10.jar;C:\Users\hqq\.gradle\caches\modules-2\files-2.1\org.hamcrest\hamcrest-core\1.1\860340562250678d1a344907ac75754e259cdb14\hamcrest-core-1.1.jar
15:06:04.644   INFO [Thread-7] (Environment.java:100) -Server environment:java.library.path=C:\Program Files (x86)\Java\jdk1.7.0_71\bin;C:\Windows\Sun\Java\bin;C:\Windows\system32;C:\Windows;C:\Windows\system32;C:\Windows;C:\Windows\System32\Wbem;C:\Windows\System32\WindowsPowerShell\v1.0\;C:\Program Files (x86)\MySQL\MySQL Server 5.5\bin;C:\Python27;C:\Python27\Scripts;C:\Program Files\Git\cmd;C:\Program Files (x86)\Java\jdk1.7.0_71\bin;.
15:06:04.644   INFO [Thread-7] (Environment.java:100) -Server environment:java.io.tmpdir=C:\Users\hqq\AppData\Local\Temp\
15:06:04.644   INFO [Thread-7] (Environment.java:100) -Server environment:java.compiler=<NA>
15:06:04.644   INFO [Thread-7] (Environment.java:100) -Server environment:os.name=Windows 8.1
15:06:04.644   INFO [Thread-7] (Environment.java:100) -Server environment:os.arch=x86
15:06:04.644   INFO [Thread-7] (Environment.java:100) -Server environment:os.version=6.3
15:06:04.644   INFO [Thread-7] (Environment.java:100) -Server environment:user.name=hqq
15:06:04.645   INFO [Thread-7] (Environment.java:100) -Server environment:user.home=C:\Users\hqq
15:06:04.645   INFO [Thread-7] (Environment.java:100) -Server environment:user.dir=C:\Users\hqq\git\Mycat-Server
15:06:04.658   INFO [Thread-7] (ZooKeeperServer.java:755) -tickTime set to 3000
15:06:04.658   INFO [Thread-7] (ZooKeeperServer.java:764) -minSessionTimeout set to -1
15:06:04.658   INFO [Thread-7] (ZooKeeperServer.java:773) -maxSessionTimeout set to -1
15:06:04.669   INFO [Thread-7] (NIOServerCnxnFactory.java:94) -binding to port 0.0.0.0/0.0.0.0:52324
15:06:05.927   INFO [Test worker] (CuratorFrameworkImpl.java:234) -Starting
15:06:05.942   INFO [Test worker] (Environment.java:100) -Client environment:zookeeper.version=3.4.6-1569965, built on 02/20/2014 09:09 GMT
15:06:05.942   INFO [Test worker] (Environment.java:100) -Client environment:host.name=DESKTOP-T7UG6RU
15:06:05.942   INFO [Test worker] (Environment.java:100) -Client environment:java.version=1.7.0_71
15:06:05.943   INFO [Test worker] (Environment.java:100) -Client environment:java.vendor=Oracle Corporation
15:06:05.943   INFO [Test worker] (Environment.java:100) -Client environment:java.home=C:\Program Files (x86)\Java\jdk1.7.0_71\jre
15:06:05.943   INFO [Test worker] (Environment.java:100) -Client environment:java.class.path=C:\Users\hqq\git\Mycat-Server\build\classes\test;C:\Users\hqq\git\Mycat-Server\build\resources\test;C:\Users\hqq\git\Mycat-Server\build\classes\main;C:\Users\hqq\git\Mycat-Server\build\resources\main;C:\Users\hqq\.gradle\caches\modules-2\files-2.1\org.mongodb\mongo-java-driver\2.11.4\b989c66514af8473bf8cf7368bbb7552da5879e3\mongo-java-driver-2.11.4.jar;C:\Users\hqq\.gradle\caches\modules-2\files-2.1\org.iq80.leveldb\leveldb\0.7\77df3093388129dea3b2b8758ddd3c7bf36bc22c\leveldb-0.7.jar;C:\Users\hqq\.gradle\caches\modules-2\files-2.1\org.iq80.leveldb\leveldb-api\0.7\e620acc87a8162f668a5ea62cbe0561560c50044\leveldb-api-0.7.jar;C:\Users\hqq\.gradle\caches\modules-2\files-2.1\com.google.guava\guava\18.0\cce0823396aa693798f8882e64213b1772032b09\guava-18.0.jar;C:\Users\hqq\.gradle\caches\modules-2\files-2.1\com.alibaba\druid\1.0.14\eac0dbaa3decfa69fdf2c2632bcc8a420e798265\druid-1.0.14.jar;C:\Users\hqq\.gradle\caches\modules-2\files-2.1\log4j\log4j\1.2.17\5af35056b4d257e4b64b9e8069c0746e8b08629f\log4j-1.2.17.jar;C:\Users\hqq\.gradle\caches\modules-2\files-2.1\net.sf.ehcache\ehcache-core\2.6.11\fae7f84a5ffabe1b814e40190650c0ad5aeda5b1\ehcache-core-2.6.11.jar;C:\Users\hqq\.gradle\caches\modules-2\files-2.1\org.mapdb\mapdb\1.0.7\a4d6cad9402e671b0a547275dee40294eba8a5c5\mapdb-1.0.7.jar;C:\Users\hqq\.gradle\caches\modules-2\files-2.1\org.slf4j\slf4j-api\1.7.12\8e20852d05222dc286bf1c71d78d0531e177c317\slf4j-api-1.7.12.jar;C:\Users\hqq\.gradle\caches\modules-2\files-2.1\org.slf4j\slf4j-log4j12\1.7.12\485f77901840cf4e8bf852f2abb9b723eb8ec29\slf4j-log4j12-1.7.12.jar;C:\Users\hqq\.gradle\caches\modules-2\files-2.1\com.univocity\univocity-parsers\1.5.4\60fa8bc525b2afe220934958cb77190b90a0c2d2\univocity-parsers-1.5.4.jar;C:\Users\hqq\.gradle\caches\modules-2\files-2.1\com.sequoiadb\sequoiadb-driver\1.12\ede63e70ba12572c76035ec84c6102cf83bc8112\sequoiadb-driver-1.12.jar;C:\Users\hqq\.gradle\caches\modules-2\files-2.1\dom4j\dom4j\1.6.1\5d3ccc056b6f056dbf0dddfdf43894b9065a8f94\dom4j-1.6.1.jar;C:\Users\hqq\.gradle\caches\modules-2\files-2.1\org.apache.curator\curator-framework\2.9.0\91c51405640e3140f939d2790bee4b4ede98f3f\curator-framework-2.9.0.jar;C:\Users\hqq\.gradle\caches\modules-2\files-2.1\org.yaml\snakeyaml\1.16\d64fb662c9e42789149f5078a62a22edda786c6a\snakeyaml-1.16.jar;C:\Users\hqq\.gradle\caches\modules-2\files-2.1\com.alibaba\fastjson\1.2.7\a5c721e8ea1e18854272879d6ed2770d25feb342\fastjson-1.2.7.jar;C:\Users\hqq\.gradle\caches\modules-2\files-2.1\org.json\json\20151123\1675d5c1142000dedd6627a73af26a8b885ef0e1\json-20151123.jar;C:\Users\hqq\.gradle\caches\modules-2\files-2.1\mysql\mysql-connector-java\5.1.35\b6ac941b7288376a7e8bc6490264bbd4427fb94e\mysql-connector-java-5.1.35.jar;C:\Users\hqq\.gradle\caches\modules-2\files-2.1\org.codehaus.jsr166-mirror\jsr166y\1.7.0\8547fcb1c29b4f8c745c3f49a536aca58fc30f54\jsr166y-1.7.0.jar;C:\Users\hqq\.gradle\caches\modules-2\files-2.1\org.apache.curator\curator-test\2.9.0\cf64c207c638458c331f63c7d15b6aab8c2e9417\curator-test-2.9.0.jar;C:\Users\hqq\.gradle\caches\modules-2\files-2.1\org.mockito\mockito-all\1.8.5\a927d8ae3b8d22eb745a74f94e59ce3882f2b524\mockito-all-1.8.5.jar;C:\Users\hqq\.gradle\caches\modules-2\files-2.1\xml-apis\xml-apis\1.0.b2\3136ca936f64c9d68529f048c2618bd356bf85c9\xml-apis-1.0.b2.jar;C:\Users\hqq\.gradle\caches\modules-2\files-2.1\org.apache.curator\curator-client\2.9.0\19cff4c80bd44bc9ac1dbda5a2a12ee0bf89580f\curator-client-2.9.0.jar;C:\Users\hqq\.gradle\caches\modules-2\files-2.1\org.apache.zookeeper\zookeeper\3.4.6\1b2502e29da1ebaade2357cd1de35a855fa3755\zookeeper-3.4.6.jar;C:\Users\hqq\.gradle\caches\modules-2\files-2.1\org.javassist\javassist\3.18.1-GA\d9a09f7732226af26bf99f19e2cffe0ae219db5b\javassist-3.18.1-GA.jar;C:\Users\hqq\.gradle\caches\modules-2\files-2.1\org.apache.commons\commons-math\2.2\4877b85d388275f994a5cfc7eceb73a8045d3006\commons-math-2.2.jar;C:\Users\hqq\.gradle\caches\modules-2\files-2.1\jline\jline\0.9.94\99a18e9a44834afdebc467294e1138364c207402\jline-0.9.94.jar;C:\Users\hqq\.gradle\caches\modules-2\files-2.1\io.netty\netty\3.7.0.Final\7a8c35599c68c0bf383df74469aa3e03d9aca87\netty-3.7.0.Final.jar;C:\Users\hqq\.gradle\caches\modules-2\files-2.1\junit\junit\4.10\e4f1766ce7404a08f45d859fb9c226fc9e41a861\junit-4.10.jar;C:\Users\hqq\.gradle\caches\modules-2\files-2.1\org.hamcrest\hamcrest-core\1.1\860340562250678d1a344907ac75754e259cdb14\hamcrest-core-1.1.jar
15:06:05.943   INFO [Test worker] (Environment.java:100) -Client environment:java.library.path=C:\Program Files (x86)\Java\jdk1.7.0_71\bin;C:\Windows\Sun\Java\bin;C:\Windows\system32;C:\Windows;C:\Windows\system32;C:\Windows;C:\Windows\System32\Wbem;C:\Windows\System32\WindowsPowerShell\v1.0\;C:\Program Files (x86)\MySQL\MySQL Server 5.5\bin;C:\Python27;C:\Python27\Scripts;C:\Program Files\Git\cmd;C:\Program Files (x86)\Java\jdk1.7.0_71\bin;.
15:06:05.943   INFO [Test worker] (Environment.java:100) -Client environment:java.io.tmpdir=C:\Users\hqq\AppData\Local\Temp\
15:06:05.944   INFO [Test worker] (Environment.java:100) -Client environment:java.compiler=<NA>
15:06:05.944   INFO [Test worker] (Environment.java:100) -Client environment:os.name=Windows 8.1
15:06:05.944   INFO [Test worker] (Environment.java:100) -Client environment:os.arch=x86
15:06:05.944   INFO [Test worker] (Environment.java:100) -Client environment:os.version=6.3
15:06:05.944   INFO [Test worker] (Environment.java:100) -Client environment:user.name=hqq
15:06:05.944   INFO [Test worker] (Environment.java:100) -Client environment:user.home=C:\Users\hqq
15:06:05.945   INFO [Test worker] (Environment.java:100) -Client environment:user.dir=C:\Users\hqq\git\Mycat-Server
15:06:05.946   INFO [Test worker] (ZooKeeper.java:438) -Initiating client connection, connectString=127.0.0.1:52324 sessionTimeout=60000 watcher=org.apache.curator.ConnectionState@1fbcd1b
15:06:05.969   INFO [Test worker-SendThread(127.0.0.1:52324)] (ClientCnxn.java:975) -Opening socket connection to server 127.0.0.1/127.0.0.1:52324. Will not attempt to authenticate using SASL (unknown error)
15:06:05.970   INFO [Test worker-SendThread(127.0.0.1:52324)] (ClientCnxn.java:852) -Socket connection established to 127.0.0.1/127.0.0.1:52324, initiating session
15:06:05.970   INFO [NIOServerCxn.Factory:0.0.0.0/0.0.0.0:52324] (NIOServerCnxnFactory.java:197) -Accepted socket connection from /127.0.0.1:52333
15:06:05.978   INFO [NIOServerCxn.Factory:0.0.0.0/0.0.0.0:52324] (ZooKeeperServer.java:868) -Client attempting to establish new session at /127.0.0.1:52333
15:06:05.981   INFO [SyncThread:0] (FileTxnLog.java:199) -Creating new log file: log.1
15:06:06.133   INFO [SyncThread:0] (ZooKeeperServer.java:617) -Established session 0x15a45be021d0000 with negotiated timeout 60000 for client /127.0.0.1:52333
15:06:06.133   INFO [Test worker-SendThread(127.0.0.1:52324)] (ClientCnxn.java:1235) -Session establishment complete on server 127.0.0.1/127.0.0.1:52324, sessionid = 0x15a45be021d0000, negotiated timeout = 60000
15:06:06.141   INFO [Test worker-EventThread] (ConnectionStateManager.java:228) -State change: CONNECTED
15:06:06.220   WARN [Test worker] (ZKPaths.java:76) -The version of ZooKeeper being used doesn't support Container nodes. CreateMode.PERSISTENT will be used instead.
15:06:06.256   INFO [ProcessThread(sid:0 cport:-1):] (PrepRequestProcessor.java:645) -Got user-level KeeperException when processing sessionid:0x15a45be021d0000 type:create cxid:0x6 zxid:0x4 txntype:-1 reqpath:n/a Error Path:/mycat/mycat-hosts Error:KeeperErrorCode = NoNode for /mycat/mycat-hosts
15:06:06.446   INFO [ProcessThread(sid:0 cport:-1):] (PrepRequestProcessor.java:645) -Got user-level KeeperException when processing sessionid:0x15a45be021d0000 type:create cxid:0x15 zxid:0xc txntype:-1 reqpath:n/a Error Path:/mycat/mycat-zones Error:KeeperErrorCode = NoNode for /mycat/mycat-zones
15:06:06.579   INFO [ProcessThread(sid:0 cport:-1):] (PrepRequestProcessor.java:645) -Got user-level KeeperException when processing sessionid:0x15a45be021d0000 type:create cxid:0x20 zxid:0x12 txntype:-1 reqpath:n/a Error Path:/mycat/mycat-nodes Error:KeeperErrorCode = NoNode for /mycat/mycat-nodes
15:06:06.933   INFO [ProcessThread(sid:0 cport:-1):] (PrepRequestProcessor.java:645) -Got user-level KeeperException when processing sessionid:0x15a45be021d0000 type:create cxid:0x3c zxid:0x21 txntype:-1 reqpath:n/a Error Path:/mycat/mycat-cluster/mycat-cluster-1/blockSQLs Error:KeeperErrorCode = NoNode for /mycat/mycat-cluster/mycat-cluster-1/blockSQLs
15:06:07.455   INFO [ProcessThread(sid:0 cport:-1):] (PrepRequestProcessor.java:645) -Got user-level KeeperException when processing sessionid:0x15a45be021d0000 type:create cxid:0x4d zxid:0x2b txntype:-1 reqpath:n/a Error Path:/mycat/mycat-cluster/mycat-cluster-1/user Error:KeeperErrorCode = NoNode for /mycat/mycat-cluster/mycat-cluster-1/user
15:06:07.929   INFO [ProcessThread(sid:0 cport:-1):] (PrepRequestProcessor.java:645) -Got user-level KeeperException when processing sessionid:0x15a45be021d0000 type:create cxid:0x65 zxid:0x37 txntype:-1 reqpath:n/a Error Path:/mycat/mycat-cluster/mycat-cluster-1/rule Error:KeeperErrorCode = NoNode for /mycat/mycat-cluster/mycat-cluster-1/rule
15:06:08.913   INFO [ProcessThread(sid:0 cport:-1):] (PrepRequestProcessor.java:645) -Got user-level KeeperException when processing sessionid:0x15a45be021d0000 type:create cxid:0xac zxid:0x5d txntype:-1 reqpath:n/a Error Path:/mycat/mycat-cluster/mycat-cluster-1/sequence Error:KeeperErrorCode = NoNode for /mycat/mycat-cluster/mycat-cluster-1/sequence
15:06:09.316   INFO [ProcessThread(sid:0 cport:-1):] (PrepRequestProcessor.java:645) -Got user-level KeeperException when processing sessionid:0x15a45be021d0000 type:create cxid:0xca zxid:0x6e txntype:-1 reqpath:n/a Error Path:/mycat/mycat-cluster/mycat-cluster-1/schema Error:KeeperErrorCode = NoNode for /mycat/mycat-cluster/mycat-cluster-1/schema
15:06:11.027   INFO [ProcessThread(sid:0 cport:-1):] (PrepRequestProcessor.java:645) -Got user-level KeeperException when processing sessionid:0x15a45be021d0000 type:create cxid:0x134 zxid:0xa8 txntype:-1 reqpath:n/a Error Path:/mycat/mycat-cluster/mycat-cluster-1/datanode Error:KeeperErrorCode = NoNode for /mycat/mycat-cluster/mycat-cluster-1/datanode
15:06:11.471   INFO [ProcessThread(sid:0 cport:-1):] (PrepRequestProcessor.java:645) -Got user-level KeeperException when processing sessionid:0x15a45be021d0000 type:create cxid:0x156 zxid:0xba txntype:-1 reqpath:n/a Error Path:/mycat/mycat-cluster/mycat-cluster-1/datahost Error:KeeperErrorCode = NoNode for /mycat/mycat-cluster/mycat-cluster-1/datahost
15:06:11.817   INFO [ProcessThread(sid:0 cport:-1):] (PrepRequestProcessor.java:645) -Got user-level KeeperException when processing sessionid:0x15a45be021d0000 type:create cxid:0x175 zxid:0xc9 txntype:-1 reqpath:n/a Error Path:/mycat/mycat-mysqls Error:KeeperErrorCode = NoNode for /mycat/mycat-mysqls
15:06:12.360   INFO [ProcessThread(sid:0 cport:-1):] (PrepRequestProcessor.java:645) -Got user-level KeeperException when processing sessionid:0x15a45be021d0000 type:create cxid:0x1a2 zxid:0xe1 txntype:-1 reqpath:n/a Error Path:/mycat/mycat-mysqlgroup Error:KeeperErrorCode = NoNode for /mycat/mycat-mysqlgroup
15:06:12.602   INFO [Test worker] (NIOServerCnxn.java:1007) -Closed socket connection for client /127.0.0.1:52333 which had sessionid 0x15a45be021d0000
15:06:12.603   INFO [Test worker-SendThread(127.0.0.1:52324)] (ClientCnxn.java:1098) -Unable to read additional data from server sessionid 0x15a45be021d0000, likely server has closed socket, closing socket connection and attempting reconnect
15:06:12.603   INFO [NIOServerCxn.Factory:0.0.0.0/0.0.0.0:52324] (NIOServerCnxnFactory.java:224) -NIOServerCnxn factory exited run method
15:06:12.603   INFO [Thread-7] (ZooKeeperServer.java:441) -shutting down
15:06:12.604   INFO [Thread-7] (SessionTrackerImpl.java:225) -Shutting down
15:06:12.604   INFO [Test worker] (ZooKeeperServer.java:441) -shutting down
15:06:12.604   INFO [Thread-7] (PrepRequestProcessor.java:761) -Shutting down
15:06:12.605   INFO [Thread-7] (SyncRequestProcessor.java:209) -Shutting down
15:06:12.604   INFO [Test worker] (SessionTrackerImpl.java:225) -Shutting down
15:06:12.605   INFO [SyncThread:0] (SyncRequestProcessor.java:187) -SyncRequestProcessor exited!
15:06:12.605   INFO [ProcessThread(sid:0 cport:-1):] (PrepRequestProcessor.java:143) -PrepRequestProcessor exited loop!
15:06:12.605   INFO [Test worker] (PrepRequestProcessor.java:761) -Shutting down
15:06:12.605   INFO [Thread-7] (FinalRequestProcessor.java:415) -shutdown of request processor complete
15:06:12.606   INFO [Test worker] (SyncRequestProcessor.java:209) -Shutting down
15:06:12.607   INFO [Test worker] (FinalRequestProcessor.java:415) -shutdown of request processor complete
]]></system-out>
  <system-err><![CDATA[]]></system-err>
</testsuite>
