<?xml version="1.0" encoding="UTF-8"?>
<testsuite name="org.opencloudb.util.StringUtilTest" tests="14" skipped="0" failures="0" errors="0" timestamp="2017-02-16T07:06:19" hostname="DESKTOP-T7UG6RU" time="0.002">
  <properties/>
  <testcase name="test11" classname="org.opencloudb.util.StringUtilTest" time="0.0"/>
  <testcase name="test12" classname="org.opencloudb.util.StringUtilTest" time="0.0"/>
  <testcase name="test13" classname="org.opencloudb.util.StringUtilTest" time="0.001"/>
  <testcase name="test10" classname="org.opencloudb.util.StringUtilTest" time="0.0"/>
  <testcase name="test2" classname="org.opencloudb.util.StringUtilTest" time="0.0"/>
  <testcase name="test1" classname="org.opencloudb.util.StringUtilTest" time="0.0"/>
  <testcase name="test3" classname="org.opencloudb.util.StringUtilTest" time="0.0"/>
  <testcase name="test4" classname="org.opencloudb.util.StringUtilTest" time="0.0"/>
  <testcase name="test5" classname="org.opencloudb.util.StringUtilTest" time="0.0"/>
  <testcase name="test9" classname="org.opencloudb.util.StringUtilTest" time="0.001"/>
  <testcase name="test6" classname="org.opencloudb.util.StringUtilTest" time="0.0"/>
  <testcase name="test8" classname="org.opencloudb.util.StringUtilTest" time="0.0"/>
  <testcase name="test7" classname="org.opencloudb.util.StringUtilTest" time="0.0"/>
  <testcase name="test" classname="org.opencloudb.util.StringUtilTest" time="0.0"/>
  <system-out><![CDATA[]]></system-out>
  <system-err><![CDATA[]]></system-err>
</testsuite>
