<?xml version="1.0" encoding="UTF-8"?>
<testsuite name="org.opencloudb.config.ConfigTest" tests="4" skipped="0" failures="0" errors="0" timestamp="2017-02-16T07:06:04" hostname="DESKTOP-T7UG6RU" time="0.039">
  <properties/>
  <testcase name="testReadHostWeight" classname="org.opencloudb.config.ConfigTest" time="0.0"/>
  <testcase name="testReadUserBenchmark" classname="org.opencloudb.config.ConfigTest" time="0.001"/>
  <testcase name="testTempReadHostAvailable" classname="org.opencloudb.config.ConfigTest" time="0.0"/>
  <testcase name="testDynamicYYYYMMTable" classname="org.opencloudb.config.ConfigTest" time="0.0"/>
  <system-out><![CDATA[15:06:04.381   INFO [Test worker] (PhysicalDBPool.java:98) -total resouces of dataHost localhost2 is :4
15:06:04.382   INFO [Test worker] (PhysicalDBPool.java:98) -total resouces of dataHost localhost1 is :1
15:06:04.397   INFO [Test worker] (PhysicalDBPool.java:98) -total resouces of dataHost localhost2 is :4
15:06:04.397   INFO [Test worker] (PhysicalDBPool.java:98) -total resouces of dataHost localhost1 is :1
15:06:04.409   INFO [Test worker] (PhysicalDBPool.java:98) -total resouces of dataHost localhost2 is :4
15:06:04.410   INFO [Test worker] (PhysicalDBPool.java:98) -total resouces of dataHost localhost1 is :1
15:06:04.421   INFO [Test worker] (PhysicalDBPool.java:98) -total resouces of dataHost localhost2 is :4
15:06:04.422   INFO [Test worker] (PhysicalDBPool.java:98) -total resouces of dataHost localhost1 is :1
]]></system-out>
  <system-err><![CDATA[]]></system-err>
</testsuite>
