<?xml version="1.0" encoding="UTF-8"?>
<testsuite name="org.opencloudb.cache.EnCachePoolTest" tests="1" skipped="0" failures="0" errors="0" timestamp="2017-02-20T02:40:16" hostname="DESKTOP-T7UG6RU" time="4.02">
  <properties/>
  <testcase name="testBasic" classname="org.opencloudb.cache.EnCachePoolTest" time="4.02"/>
  <system-out><![CDATA[10:40:16.436   INFO [Test worker] (AnnotationSizeOfFilter.java:53) -Using regular expression provided through VM argument net.sf.ehcache.pool.sizeof.ignore.pattern for IgnoreSizeOf annotation : ^.*cache\..*IgnoreSizeOf$
10:40:16.465   INFO [Test worker] (AgentLoader.java:87) -Located valid 'tools.jar' at 'C:\Program Files (x86)\Java\jdk1.7.0_71\jre\..\lib\tools.jar'
10:40:16.486   INFO [Test worker] (JvmInformation.java:545) -Detected JVM data model settings of: 32-Bit HotSpot JVM
10:40:16.575   INFO [Test worker] (AgentLoader.java:197) -Extracted agent jar to temporary file C:\Users\hqq\AppData\Local\Temp\ehcache-sizeof-agent7820589075805608700.jar
10:40:16.575   INFO [Test worker] (AgentLoader.java:137) -Trying to load agent @ C:\Users\hqq\AppData\Local\Temp\ehcache-sizeof-agent7820589075805608700.jar
10:40:16.581   INFO [Test worker] (DefaultSizeOfEngine.java:101) -using Agent sizeof engine
]]></system-out>
  <system-err><![CDATA[]]></system-err>
</testsuite>
