<?xml version="1.0" encoding="UTF-8"?>
<testsuite name="org.opencloudb.route.DruidSqlServerSqlParserTest" tests="3" skipped="0" failures="0" errors="0" timestamp="2017-02-18T10:07:36" hostname="DESKTOP-T7UG6RU" time="0.031">
  <properties/>
  <testcase name="testSqlServerPageSQL" classname="org.opencloudb.route.DruidSqlServerSqlParserTest" time="0.014"/>
  <testcase name="testTopPageSQL" classname="org.opencloudb.route.DruidSqlServerSqlParserTest" time="0.001"/>
  <testcase name="testLimitToSqlServerPage" classname="org.opencloudb.route.DruidSqlServerSqlParserTest" time="0.001"/>
  <system-out><![CDATA[]]></system-out>
  <system-err><![CDATA[]]></system-err>
</testsuite>
