<?xml version="1.0" encoding="UTF-8"?>
<testsuite name="org.opencloudb.route.function.PartitionByRangeModTest" tests="2" skipped="0" failures="0" errors="0" timestamp="2017-02-18T10:02:35" hostname="DESKTOP-T7UG6RU" time="0.009">
  <properties/>
  <testcase name="testRange" classname="org.opencloudb.route.function.PartitionByRangeModTest" time="0.001"/>
  <testcase name="test" classname="org.opencloudb.route.function.PartitionByRangeModTest" time="0.001"/>
  <system-out><![CDATA[]]></system-out>
  <system-err><![CDATA[]]></system-err>
</testsuite>
