<?xml version="1.0" encoding="UTF-8"?>
<testsuite name="org.opencloudb.ConfigInitializerTest" tests="1" skipped="0" failures="0" errors="0" timestamp="2017-02-20T02:40:13" hostname="DESKTOP-T7UG6RU" time="0.254">
  <properties/>
  <testcase name="testConfigLoader" classname="org.opencloudb.ConfigInitializerTest" time="0.254"/>
  <system-out><![CDATA[10:40:14.012   INFO [Test worker] (PhysicalDBPool.java:98) -total resouces of dataHost localhost1 is :1
]]></system-out>
  <system-err><![CDATA[]]></system-err>
</testsuite>
