<?xml version="1.0" encoding="UTF-8"?>
<testsuite name="org.opencloudb.route.DruidPostgresqlSqlParserTest" tests="2" skipped="0" failures="0" errors="0" timestamp="2017-02-16T07:06:13" hostname="DESKTOP-T7UG6RU" time="0.016">
  <properties/>
  <testcase name="testLimitToPgPage" classname="org.opencloudb.route.DruidPostgresqlSqlParserTest" time="0.009"/>
  <testcase name="testPGPageSQL" classname="org.opencloudb.route.DruidPostgresqlSqlParserTest" time="0.0"/>
  <system-out><![CDATA[]]></system-out>
  <system-err><![CDATA[]]></system-err>
</testsuite>
