<?xml version="1.0" encoding="UTF-8"?>
<testsuite name="org.opencloudb.parser.druid.DruidSelectParserTest" tests="1" skipped="0" failures="0" errors="0" timestamp="2017-02-18T10:02:28" hostname="DESKTOP-T7UG6RU" time="0.161">
  <properties/>
  <testcase name="testGroupByWithAlias" classname="org.opencloudb.parser.druid.DruidSelectParserTest" time="0.161"/>
  <system-out><![CDATA[]]></system-out>
  <system-err><![CDATA[]]></system-err>
</testsuite>
