<?xml version="1.0" encoding="UTF-8"?>
<testsuite name="org.opencloudb.postgres.PostgresTest" tests="1" skipped="0" failures="0" errors="0" timestamp="2017-02-18T10:07:36" hostname="DESKTOP-T7UG6RU" time="0.0">
  <properties/>
  <testcase name="testNothing" classname="org.opencloudb.postgres.PostgresTest" time="0.0"/>
  <system-out><![CDATA[]]></system-out>
  <system-err><![CDATA[]]></system-err>
</testsuite>
