<?xml version="1.0" encoding="UTF-8"?>
<testsuite name="org.opencloudb.classload.TestDynClassLoad" tests="1" skipped="0" failures="0" errors="0" timestamp="2017-02-18T10:02:20" hostname="DESKTOP-T7UG6RU" time="0.004">
  <properties/>
  <testcase name="testLoadClass" classname="org.opencloudb.classload.TestDynClassLoad" time="0.004"/>
  <system-out><![CDATA[class load path /C:/Users/hqq/git/Mycat-Server/build/classes/test/
18:02:20.950   INFO [Test worker] (DynaClassLoader.java:35) -dyna class load from /C:/Users/hqq/git/Mycat-Server/build/classes/test/,and auto check for class file modified every 1 seconds
class /C:/Users/hqq/git/Mycat-Server/build/classes/test/ file demo\test\TestClass1.class
found C:\Users\hqq\git\Mycat-Server\build\classes\test\demo\test\TestClass1.class
18:02:20.952   INFO [Test worker] (DynaClassLoader.java:144) -load class from file C:\Users\hqq\git\Mycat-Server\build\classes\test\demo\test\TestClass1.class
]]></system-out>
  <system-err><![CDATA[]]></system-err>
</testsuite>
