<?xml version="1.0" encoding="UTF-8"?>
<testsuite name="org.opencloudb.util.SplitUtilTest" tests="5" skipped="0" failures="0" errors="0" timestamp="2017-02-18T10:07:42" hostname="DESKTOP-T7UG6RU" time="0.001">
  <properties/>
  <testcase name="test2" classname="org.opencloudb.util.SplitUtilTest" time="0.0"/>
  <testcase name="test4" classname="org.opencloudb.util.SplitUtilTest" time="0.0"/>
  <testcase name="test1" classname="org.opencloudb.util.SplitUtilTest" time="0.0"/>
  <testcase name="test3" classname="org.opencloudb.util.SplitUtilTest" time="0.0"/>
  <testcase name="test" classname="org.opencloudb.util.SplitUtilTest" time="0.0"/>
  <system-out><![CDATA[]]></system-out>
  <system-err><![CDATA[]]></system-err>
</testsuite>
