<?xml version="1.0" encoding="UTF-8"?>
<testsuite name="org.opencloudb.route.function.PartitionByPatternTest" tests="1" skipped="0" failures="0" errors="0" timestamp="2017-02-16T07:06:17" hostname="DESKTOP-T7UG6RU" time="0.001">
  <properties/>
  <testcase name="test" classname="org.opencloudb.route.function.PartitionByPatternTest" time="0.001"/>
  <system-out><![CDATA[15:06:17.019   INFO [Test worker-SendThread(127.0.0.1:52324)] (ClientCnxn.java:975) -Opening socket connection to server 127.0.0.1/127.0.0.1:52324. Will not attempt to authenticate using SASL (unknown error)
]]></system-out>
  <system-err><![CDATA[]]></system-err>
</testsuite>
