<?xml version="1.0" encoding="UTF-8"?>
<testsuite name="org.opencloudb.route.DruidOracleSqlParserTest" tests="3" skipped="0" failures="0" errors="0" timestamp="2017-02-20T02:40:30" hostname="DESKTOP-T7UG6RU" time="0.022">
  <properties/>
  <testcase name="testInsertUpdate" classname="org.opencloudb.route.DruidOracleSqlParserTest" time="0.001"/>
  <testcase name="testLimitToOraclePage" classname="org.opencloudb.route.DruidOracleSqlParserTest" time="0.005"/>
  <testcase name="testOraclePageSQL" classname="org.opencloudb.route.DruidOracleSqlParserTest" time="0.002"/>
  <system-out><![CDATA[]]></system-out>
  <system-err><![CDATA[]]></system-err>
</testsuite>
