<?xml version="1.0" encoding="UTF-8"?>
<testsuite name="org.opencloudb.VolatileTest" tests="1" skipped="0" failures="0" errors="0" timestamp="2017-02-16T07:05:57" hostname="DESKTOP-T7UG6RU" time="0.0">
  <properties/>
  <testcase name="testNoop" classname="org.opencloudb.VolatileTest" time="0.0"/>
  <system-out><![CDATA[]]></system-out>
  <system-err><![CDATA[]]></system-err>
</testsuite>
