<?xml version="1.0" encoding="UTF-8"?>
<testsuite name="org.opencloudb.route.function.TestLatestMonthPartion" tests="1" skipped="0" failures="0" errors="0" timestamp="2017-02-20T02:40:35" hostname="DESKTOP-T7UG6RU" time="0.001">
  <properties/>
  <testcase name="testSetDataNodes" classname="org.opencloudb.route.function.TestLatestMonthPartion" time="0.001"/>
  <system-out><![CDATA[]]></system-out>
  <system-err><![CDATA[]]></system-err>
</testsuite>
