<?xml version="1.0" encoding="UTF-8"?>
<testsuite name="org.opencloudb.parser.druid.DruidUpdateParserTest" tests="2" skipped="0" failures="0" errors="0" timestamp="2017-02-16T07:06:12" hostname="DESKTOP-T7UG6RU" time="0.149">
  <properties/>
  <testcase name="testAliasUpdateShardColumn" classname="org.opencloudb.parser.druid.DruidUpdateParserTest" time="0.126"/>
  <testcase name="testUpdateShardColumn" classname="org.opencloudb.parser.druid.DruidUpdateParserTest" time="0.023"/>
  <system-out><![CDATA[15:06:12.998   WARN [Test worker] (DruidUpdateParser.java:195) -Sharding column can't be updated hotnews->ID
class java.sql.SQLNonTransientException
抛异常原因为SQLNonTransientException则正确
15:06:13.017   WARN [Test worker] (DruidUpdateParser.java:195) -Sharding column can't be updated hotnews->ID
class java.sql.SQLNonTransientException
抛异常原因为SQLNonTransientException则正确
未抛异常，解析通过，此情况分片字段可能在update语句中但是实际不会被更新
15:06:13.020   WARN [Test worker] (DruidUpdateParser.java:195) -Sharding column can't be updated hotnews->ID
class java.sql.SQLNonTransientException
抛异常原因为SQLNonTransientException则正确
未抛异常，解析通过，此情况分片字段可能在update语句中但是实际不会被更新
15:06:13.023   WARN [Test worker] (DruidUpdateParser.java:195) -Sharding column can't be updated hotnews->ID
class java.sql.SQLNonTransientException
抛异常原因为SQLNonTransientException则正确
未抛异常，解析通过，此情况分片字段可能在update语句中但是实际不会被更新
15:06:13.027   WARN [Test worker] (DruidUpdateParser.java:195) -Sharding column can't be updated hotnews->ID
class java.sql.SQLNonTransientException
抛异常原因为SQLNonTransientException则正确
未抛异常，解析通过，此情况分片字段可能在update语句中但是实际不会被更新
15:06:13.029   WARN [Test worker] (DruidUpdateParser.java:195) -Sharding column can't be updated hotnews->ID
class java.sql.SQLNonTransientException
抛异常原因为SQLNonTransientException则正确
15:06:13.033   WARN [Test worker] (DruidUpdateParser.java:195) -Sharding column can't be updated hotnews->ID
class java.sql.SQLNonTransientException
抛异常原因为SQLNonTransientException则正确
未抛异常，解析通过，此情况分片字段可能在update语句中但是实际不会被更新
15:06:13.035   WARN [Test worker] (DruidUpdateParser.java:195) -Sharding column can't be updated hotnews->ID
class java.sql.SQLNonTransientException
抛异常原因为SQLNonTransientException则正确
15:06:13.037   WARN [Test worker] (DruidUpdateParser.java:195) -Sharding column can't be updated hotnews->ID
class java.sql.SQLNonTransientException
抛异常原因为SQLNonTransientException则正确
未抛异常，解析通过，此情况分片字段可能在update语句中但是实际不会被更新
15:06:13.039   WARN [Test worker] (DruidUpdateParser.java:195) -Sharding column can't be updated hotnews->ID
class java.sql.SQLNonTransientException
抛异常原因为SQLNonTransientException则正确
未抛异常，解析通过，此情况分片字段可能在update语句中但是实际不会被更新
15:06:13.042   WARN [Test worker] (DruidUpdateParser.java:195) -Sharding column can't be updated hotnews->ID
class java.sql.SQLNonTransientException
抛异常原因为SQLNonTransientException则正确
未抛异常，解析通过，此情况分片字段可能在update语句中但是实际不会被更新
15:06:13.044   WARN [Test worker] (DruidUpdateParser.java:195) -Sharding column can't be updated hotnews->ID
class java.sql.SQLNonTransientException
抛异常原因为SQLNonTransientException则正确
15:06:13.045   WARN [Test worker] (DruidUpdateParser.java:195) -Sharding column can't be updated hotnews->ID
class java.sql.SQLNonTransientException
抛异常原因为SQLNonTransientException则正确
未抛异常，解析通过，此情况分片字段可能在update语句中但是实际不会被更新
未抛异常，解析通过，此情况分片字段可能在update语句中但是实际不会被更新
15:06:13.051   WARN [Test worker] (DruidUpdateParser.java:195) -Sharding column can't be updated hotnews->ID
class java.sql.SQLNonTransientException
抛异常原因为SQLNonTransientException则正确
15:06:13.053   WARN [Test worker] (DruidUpdateParser.java:195) -Sharding column can't be updated hotnews->ID
class java.sql.SQLNonTransientException
抛异常原因为SQLNonTransientException则正确
15:06:13.054   WARN [Test worker] (DruidUpdateParser.java:195) -Sharding column can't be updated hotnews->ID
class java.sql.SQLNonTransientException
抛异常原因为SQLNonTransientException则正确
15:06:13.055   WARN [Test worker] (DruidUpdateParser.java:195) -Sharding column can't be updated hotnews->ID
class java.sql.SQLNonTransientException
抛异常原因为SQLNonTransientException则正确
未抛异常，解析通过，此情况分片字段可能在update语句中但是实际不会被更新
]]></system-out>
  <system-err><![CDATA[]]></system-err>
</testsuite>
