<?xml version="1.0" encoding="UTF-8"?>
<testsuite name="org.opencloudb.cache.EnCachePoolTest" tests="1" skipped="0" failures="0" errors="0" timestamp="2017-02-18T09:34:52" hostname="DESKTOP-T7UG6RU" time="4.021">
  <properties/>
  <testcase name="testBasic" classname="org.opencloudb.cache.EnCachePoolTest" time="4.021"/>
  <system-out><![CDATA[17:34:52.247   INFO [Test worker] (AnnotationSizeOfFilter.java:53) -Using regular expression provided through VM argument net.sf.ehcache.pool.sizeof.ignore.pattern for IgnoreSizeOf annotation : ^.*cache\..*IgnoreSizeOf$
17:34:52.256   INFO [Test worker] (AgentLoader.java:87) -Located valid 'tools.jar' at 'C:\Program Files (x86)\Java\jdk1.7.0_71\jre\..\lib\tools.jar'
17:34:52.269   INFO [Test worker] (JvmInformation.java:545) -Detected JVM data model settings of: 32-Bit HotSpot JVM
17:34:52.315   INFO [Test worker] (AgentLoader.java:197) -Extracted agent jar to temporary file C:\Users\hqq\AppData\Local\Temp\ehcache-sizeof-agent5658520084858877923.jar
17:34:52.315   INFO [Test worker] (AgentLoader.java:137) -Trying to load agent @ C:\Users\hqq\AppData\Local\Temp\ehcache-sizeof-agent5658520084858877923.jar
17:34:52.322   INFO [Test worker] (DefaultSizeOfEngine.java:101) -using Agent sizeof engine
]]></system-out>
  <system-err><![CDATA[]]></system-err>
</testsuite>
