<?xml version="1.0" encoding="UTF-8"?>
<testsuite name="org.opencloudb.route.function.PartitionByHotDateTest" tests="1" skipped="0" failures="0" errors="0" timestamp="2017-02-18T10:02:32" hostname="DESKTOP-T7UG6RU" time="0.004">
  <properties/>
  <testcase name="test" classname="org.opencloudb.route.function.PartitionByHotDateTest" time="0.004"/>
  <system-out><![CDATA[]]></system-out>
  <system-err><![CDATA[2017-02-13
2017-02-07
2017-01-28
2017-02-13
2017-02-07
2017-01-28
]]></system-err>
</testsuite>
