<?xml version="1.0" encoding="UTF-8"?>
<testsuite name="org.opencloudb.config.loader.zookeeper.ZookeeperSaverTest" tests="3" skipped="3" failures="0" errors="0" timestamp="2017-02-18T10:02:28" hostname="DESKTOP-T7UG6RU" time="0.001">
  <properties/>
  <testcase name="testSaveServer" classname="org.opencloudb.config.loader.zookeeper.ZookeeperSaverTest" time="0.001">
    <skipped/>
  </testcase>
  <testcase name="testSaveSchema" classname="org.opencloudb.config.loader.zookeeper.ZookeeperSaverTest" time="0.0">
    <skipped/>
  </testcase>
  <testcase name="testSaveRule" classname="org.opencloudb.config.loader.zookeeper.ZookeeperSaverTest" time="0.0">
    <skipped/>
  </testcase>
  <system-out><![CDATA[]]></system-out>
  <system-err><![CDATA[]]></system-err>
</testsuite>
