<?xml version="1.0" encoding="UTF-8"?>
<testsuite name="org.opencloudb.route.DruidMysqlSqlParserTest" tests="1" skipped="0" failures="0" errors="0" timestamp="2017-02-18T10:07:36" hostname="DESKTOP-T7UG6RU" time="0.001">
  <properties/>
  <testcase name="testLimitPage" classname="org.opencloudb.route.DruidMysqlSqlParserTest" time="0.001"/>
  <system-out><![CDATA[]]></system-out>
  <system-err><![CDATA[]]></system-err>
</testsuite>
