<?xml version="1.0" encoding="UTF-8"?>
<testsuite name="org.opencloudb.route.DruidDb2SqlParserTest" tests="2" skipped="0" failures="0" errors="0" timestamp="2017-02-16T07:06:13" hostname="DESKTOP-T7UG6RU" time="0.071">
  <properties/>
  <testcase name="testLimitToDb2Page" classname="org.opencloudb.route.DruidDb2SqlParserTest" time="0.061"/>
  <testcase name="testDb2PageSQL" classname="org.opencloudb.route.DruidDb2SqlParserTest" time="0.002"/>
  <system-out><![CDATA[]]></system-out>
  <system-err><![CDATA[]]></system-err>
</testsuite>
