<?xml version="1.0" encoding="UTF-8"?>
<testsuite name="org.opencloudb.ConfigInitializerTest" tests="1" skipped="0" failures="0" errors="0" timestamp="2017-02-18T10:07:21" hostname="DESKTOP-T7UG6RU" time="0.172">
  <properties/>
  <testcase name="testConfigLoader" classname="org.opencloudb.ConfigInitializerTest" time="0.172"/>
  <system-out><![CDATA[18:07:21.922   INFO [Test worker] (PhysicalDBPool.java:98) -total resouces of dataHost localhost1 is :1
]]></system-out>
  <system-err><![CDATA[]]></system-err>
</testsuite>
