<?xml version="1.0" encoding="UTF-8"?>
<testsuite name="org.opencloudb.performance.TestRandomDataUtil" tests="1" skipped="0" failures="0" errors="0" timestamp="2017-02-18T10:02:29" hostname="DESKTOP-T7UG6RU" time="0.003">
  <properties/>
  <testcase name="testParselRandVarTemplateString" classname="org.opencloudb.performance.TestRandomDataUtil" time="0.003"/>
  <system-out><![CDATA[]]></system-out>
  <system-err><![CDATA[]]></system-err>
</testsuite>
